<?xml version="1.0" encoding="UTF-8"?>
<coverage generated="1667307425761" clover="3.2.0">
  <project timestamp="1667307425762" name="All files">
    <metrics statements="28" coveredstatements="28" conditionals="13" coveredconditionals="12" methods="12" coveredmethods="12" elements="53" coveredelements="52" complexity="0" loc="28" ncloc="28" packages="1" files="1" classes="1"/>
    <file name="canvas.ts" path="C:\Volgatech\third_course\software_testing_and_debugging\lw\lw3\canvas.ts">
      <metrics statements="28" coveredstatements="28" conditionals="13" coveredconditionals="12" methods="12" coveredmethods="12"/>
      <line num="3" count="1" type="stmt"/>
      <line num="10" count="23" type="cond" truecount="1" falsecount="0"/>
      <line num="11" count="3" type="stmt"/>
      <line num="13" count="20" type="stmt"/>
      <line num="14" count="20" type="stmt"/>
      <line num="18" count="33" type="stmt"/>
      <line num="22" count="5" type="cond" truecount="1" falsecount="0"/>
      <line num="23" count="2" type="stmt"/>
      <line num="24" count="2" type="stmt"/>
      <line num="26" count="3" type="stmt"/>
      <line num="30" count="6" type="stmt"/>
      <line num="34" count="11" type="stmt"/>
      <line num="38" count="10" type="stmt"/>
      <line num="42" count="5" type="cond" truecount="3" falsecount="0"/>
      <line num="43" count="2" type="stmt"/>
      <line num="46" count="3" type="stmt"/>
      <line num="47" count="3" type="cond" truecount="1" falsecount="1"/>
      <line num="51" count="3" type="cond" truecount="4" falsecount="0"/>
      <line num="52" count="2" type="stmt"/>
      <line num="55" count="1" type="stmt"/>
      <line num="56" count="1" type="stmt"/>
      <line num="60" count="2" type="cond" truecount="1" falsecount="0"/>
      <line num="61" count="1" type="stmt"/>
      <line num="64" count="3" type="stmt"/>
      <line num="65" count="1" type="stmt"/>
      <line num="69" count="2" type="stmt"/>
      <line num="73" count="32" type="stmt"/>
      <line num="78" count="1" type="stmt"/>
    </file>
  </project>
</coverage>
