<?xml version="1.0" encoding="UTF-8"?>
<coverage generated="1667903807064" clover="3.2.0">
  <project timestamp="1667903807064" name="All files">
    <metrics statements="29" coveredstatements="29" conditionals="13" coveredconditionals="12" methods="12" coveredmethods="12" elements="54" coveredelements="53" complexity="0" loc="29" ncloc="29" packages="1" files="1" classes="1"/>
    <file name="canvas.ts" path="C:\Volgatech\third_course\software_testing_and_debugging\lw\lw3\canvas.ts">
      <metrics statements="29" coveredstatements="29" conditionals="13" coveredconditionals="12" methods="12" coveredmethods="12"/>
      <line num="4" count="1" type="stmt"/>
      <line num="11" count="23" type="cond" truecount="1" falsecount="0"/>
      <line num="12" count="3" type="stmt"/>
      <line num="14" count="20" type="stmt"/>
      <line num="15" count="20" type="stmt"/>
      <line num="19" count="6" type="stmt"/>
      <line num="23" count="5" type="cond" truecount="1" falsecount="0"/>
      <line num="24" count="2" type="stmt"/>
      <line num="25" count="2" type="stmt"/>
      <line num="27" count="3" type="stmt"/>
      <line num="31" count="6" type="stmt"/>
      <line num="35" count="3" type="stmt"/>
      <line num="39" count="6" type="stmt"/>
      <line num="43" count="5" type="cond" truecount="3" falsecount="0"/>
      <line num="44" count="2" type="stmt"/>
      <line num="47" count="3" type="stmt"/>
      <line num="48" count="3" type="stmt"/>
      <line num="49" count="3" type="cond" truecount="1" falsecount="1"/>
      <line num="53" count="3" type="cond" truecount="4" falsecount="0"/>
      <line num="54" count="2" type="stmt"/>
      <line num="57" count="1" type="stmt"/>
      <line num="58" count="1" type="stmt"/>
      <line num="62" count="2" type="cond" truecount="1" falsecount="0"/>
      <line num="63" count="1" type="stmt"/>
      <line num="66" count="3" type="stmt"/>
      <line num="67" count="1" type="stmt"/>
      <line num="71" count="2" type="stmt"/>
      <line num="75" count="32" type="stmt"/>
      <line num="80" count="1" type="stmt"/>
    </file>
  </project>
</coverage>
