TN:
SF:lw\lw3\canvas.ts
FN:9,(anonymous_0)
FN:17,(anonymous_1)
FN:21,(anonymous_2)
FN:29,(anonymous_3)
FN:33,(anonymous_4)
FN:37,(anonymous_5)
FN:41,(anonymous_6)
FN:50,(anonymous_7)
FN:59,(anonymous_8)
FN:64,(anonymous_9)
FN:68,(anonymous_10)
FN:72,(anonymous_11)
FNF:12
FNH:12
FNDA:23,(anonymous_0)
FNDA:33,(anonymous_1)
FNDA:5,(anonymous_2)
FNDA:6,(anonymous_3)
FNDA:11,(anonymous_4)
FNDA:10,(anonymous_5)
FNDA:5,(anonymous_6)
FNDA:3,(anonymous_7)
FNDA:2,(anonymous_8)
FNDA:3,(anonymous_9)
FNDA:2,(anonymous_10)
FNDA:32,(anonymous_11)
DA:3,1
DA:10,23
DA:11,3
DA:13,20
DA:14,20
DA:18,33
DA:22,5
DA:23,2
DA:24,2
DA:26,3
DA:30,6
DA:34,11
DA:38,10
DA:42,5
DA:43,2
DA:46,3
DA:47,3
DA:51,3
DA:52,2
DA:55,1
DA:56,1
DA:60,2
DA:61,1
DA:64,3
DA:65,1
DA:69,2
DA:73,32
DA:78,1
LF:28
LH:28
BRDA:9,0,0,18
BRDA:10,1,0,3
BRDA:22,2,0,2
BRDA:42,3,0,2
BRDA:42,4,0,5
BRDA:42,4,1,4
BRDA:47,5,0,3
BRDA:47,5,1,0
BRDA:51,6,0,2
BRDA:51,7,0,3
BRDA:51,7,1,3
BRDA:51,7,2,2
BRDA:60,8,0,1
BRF:13
BRH:12
end_of_record
