TN:
SF:lw\lw3\canvas.ts
FN:10,(anonymous_0)
FN:18,(anonymous_1)
FN:22,(anonymous_2)
FN:30,(anonymous_3)
FN:34,(anonymous_4)
FN:38,(anonymous_5)
FN:42,(anonymous_6)
FN:52,(anonymous_7)
FN:61,(anonymous_8)
FN:66,(anonymous_9)
FN:70,(anonymous_10)
FN:74,(anonymous_11)
FNF:12
FNH:12
FNDA:23,(anonymous_0)
FNDA:6,(anonymous_1)
FNDA:5,(anonymous_2)
FNDA:6,(anonymous_3)
FNDA:3,(anonymous_4)
FNDA:6,(anonymous_5)
FNDA:5,(anonymous_6)
FNDA:3,(anonymous_7)
FNDA:2,(anonymous_8)
FNDA:3,(anonymous_9)
FNDA:2,(anonymous_10)
FNDA:32,(anonymous_11)
DA:4,1
DA:11,23
DA:12,3
DA:14,20
DA:15,20
DA:19,6
DA:23,5
DA:24,2
DA:25,2
DA:27,3
DA:31,6
DA:35,3
DA:39,6
DA:43,5
DA:44,2
DA:47,3
DA:48,3
DA:49,3
DA:53,3
DA:54,2
DA:57,1
DA:58,1
DA:62,2
DA:63,1
DA:66,3
DA:67,1
DA:71,2
DA:75,32
DA:80,1
LF:29
LH:29
BRDA:10,0,0,18
BRDA:11,1,0,3
BRDA:23,2,0,2
BRDA:43,3,0,2
BRDA:43,4,0,5
BRDA:43,4,1,4
BRDA:49,5,0,3
BRDA:49,5,1,0
BRDA:53,6,0,2
BRDA:53,7,0,3
BRDA:53,7,1,3
BRDA:53,7,2,2
BRDA:62,8,0,1
BRF:13
BRH:12
end_of_record
